make --dry-run --always-make --keep-going --print-directory
make: Entering directory '/home/agala/Corso Informatica/Progetto_Sistemi/Fase2'
mipsel-linux-gnu-gcc -ffreestanding -mips1 -mabi=32 -mno-gpopt -G 0 -mno-abicalls -fno-pic -mfp32 -I/usr/include/umps3 -I/usr/include  -I/usr/include/umps3/umps -Wall -O0   -c -o asl.o asl.c
mipsel-linux-gnu-gcc -ffreestanding -mips1 -mabi=32 -mno-gpopt -G 0 -mno-abicalls -fno-pic -mfp32 -I/usr/include/umps3 -I/usr/include  -I/usr/include/umps3/umps -Wall -O0   -c -o debugger.o debugger.c
mipsel-linux-gnu-gcc -ffreestanding -mips1 -mabi=32 -mno-gpopt -G 0 -mno-abicalls -fno-pic -mfp32 -I/usr/include/umps3 -I/usr/include  -I/usr/include/umps3/umps -Wall -O0   -c -o devinterrupt_handler.o devinterrupt_handler.c
mipsel-linux-gnu-gcc -ffreestanding -mips1 -mabi=32 -mno-gpopt -G 0 -mno-abicalls -fno-pic -mfp32 -I/usr/include/umps3 -I/usr/include  -I/usr/include/umps3/umps -Wall -O0   -c -o exception_handler.o exception_handler.c
mipsel-linux-gnu-gcc -ffreestanding -mips1 -mabi=32 -mno-gpopt -G 0 -mno-abicalls -fno-pic -mfp32 -I/usr/include/umps3 -I/usr/include  -I/usr/include/umps3/umps -Wall -O0   -c -o libraries.o libraries.c
mipsel-linux-gnu-gcc -ffreestanding -mips1 -mabi=32 -mno-gpopt -G 0 -mno-abicalls -fno-pic -mfp32 -I/usr/include/umps3 -I/usr/include  -I/usr/include/umps3/umps -Wall -O0   -c -o main.o main.c
mipsel-linux-gnu-gcc -ffreestanding -mips1 -mabi=32 -mno-gpopt -G 0 -mno-abicalls -fno-pic -mfp32 -I/usr/include/umps3 -I/usr/include  -I/usr/include/umps3/umps -Wall -O0   -c -o p2test.o p2test.c
mipsel-linux-gnu-gcc -ffreestanding -mips1 -mabi=32 -mno-gpopt -G 0 -mno-abicalls -fno-pic -mfp32 -I/usr/include/umps3 -I/usr/include  -I/usr/include/umps3/umps -Wall -O0   -c -o pcb.o pcb.c
mipsel-linux-gnu-gcc -ffreestanding -mips1 -mabi=32 -mno-gpopt -G 0 -mno-abicalls -fno-pic -mfp32 -I/usr/include/umps3 -I/usr/include  -I/usr/include/umps3/umps -Wall -O0   -c -o scheduler.o scheduler.c
mipsel-linux-gnu-gcc -ffreestanding -mips1 -mabi=32 -mno-gpopt -G 0 -mno-abicalls -fno-pic -mfp32 -I/usr/include/umps3 -I/usr/include  -I/usr/include/umps3/umps -Wall -O0   -c -o syscall.o syscall.c
mipsel-linux-gnu-gcc -ffreestanding -mips1 -mabi=32 -mno-gpopt -G 0 -mno-abicalls -fno-pic -mfp32 -I/usr/include/umps3 -I/usr/include  -I/usr/include/umps3/umps -Wall -O0 -c -o crtso.o /usr/share/umps3/crtso.S
mipsel-linux-gnu-gcc -ffreestanding -mips1 -mabi=32 -mno-gpopt -G 0 -mno-abicalls -fno-pic -mfp32 -I/usr/include/umps3 -I/usr/include  -I/usr/include/umps3/umps -Wall -O0 -c -o libumps.o /usr/share/umps3/libumps.S
mipsel-linux-gnu-ld -o kernel asl.o debugger.o devinterrupt_handler.o exception_handler.o libraries.o main.o p2test.o pcb.o scheduler.o syscall.o crtso.o libumps.o -G 0 -nostdlib -T /usr/share/umps3/umpscore.ldscript
echo "** Compilation successfull!"
umps3-elf2umps -k kernel
echo "** Cleaning object files..."
rm -f *.o
echo "** All successfull! Good Luck!! :) [remember to set the TLB Floor Address to 0x8000.000 in UMPS3!!]"
make: Leaving directory '/home/agala/Corso Informatica/Progetto_Sistemi/Fase2'
 
